c:\users\kaan\documents\github\breakthrough\gamecpp\gamecpp\debug\vc140.pdb
c:\users\kaan\documents\github\breakthrough\gamecpp\gamecpp\debug\vc140.idb
c:\users\kaan\documents\github\breakthrough\gamecpp\gamecpp\debug\alphabetabreakthroughplayer.obj
c:\users\kaan\documents\github\breakthrough\gamecpp\gamecpp\debug\boardgamemove.obj
c:\users\kaan\documents\github\breakthrough\gamecpp\gamecpp\debug\boardgamestate.obj
c:\users\kaan\documents\github\breakthrough\gamecpp\gamecpp\debug\breakthroughstate.obj
c:\users\kaan\documents\github\breakthrough\gamecpp\gamecpp\debug\clobberstate.obj
c:\users\kaan\documents\github\breakthrough\gamecpp\gamecpp\debug\domineeringstate.obj
c:\users\kaan\documents\github\breakthrough\gamecpp\gamecpp\debug\gameplayer.obj
c:\users\kaan\documents\github\breakthrough\gamecpp\gamecpp\debug\gamestate.obj
c:\users\kaan\documents\github\breakthrough\gamecpp\gamecpp\debug\gamestatefactory.obj
c:\users\kaan\documents\github\breakthrough\gamecpp\gamecpp\debug\main.obj
c:\users\kaan\documents\github\breakthrough\gamecpp\gamecpp\debug\network.obj
c:\users\kaan\documents\github\breakthrough\gamecpp\gamecpp\debug\params.obj
c:\users\kaan\documents\github\breakthrough\gamecpp\gamecpp\debug\randombreakthroughplayer.obj
c:\users\kaan\documents\github\breakthrough\gamecpp\gamecpp\debug\randomdomineeringplayer.obj
c:\users\kaan\documents\github\breakthrough\gamecpp\gamecpp\debug\transpositiontable.obj
c:\users\kaan\documents\github\breakthrough\gamecpp\debug\gamecpp.ilk
c:\users\kaan\documents\github\breakthrough\gamecpp\debug\gamecpp.exe
c:\users\kaan\documents\github\breakthrough\gamecpp\debug\gamecpp.pdb
c:\users\kaan\documents\github\breakthrough\gamecpp\gamecpp\debug\vc120.idb
c:\users\kaan\documents\github\breakthrough\gamecpp\gamecpp\debug\vc120.pdb
c:\users\kaan\documents\github\breakthrough\gamecpp\gamecpp\debug\gamecpp.tlog\cl.command.1.tlog
c:\users\kaan\documents\github\breakthrough\gamecpp\gamecpp\debug\gamecpp.tlog\cl.read.1.tlog
c:\users\kaan\documents\github\breakthrough\gamecpp\gamecpp\debug\gamecpp.tlog\cl.write.1.tlog
c:\users\kaan\documents\github\breakthrough\gamecpp\gamecpp\debug\gamecpp.tlog\link.command.1.tlog
c:\users\kaan\documents\github\breakthrough\gamecpp\gamecpp\debug\gamecpp.tlog\link.read.1.tlog
c:\users\kaan\documents\github\breakthrough\gamecpp\gamecpp\debug\gamecpp.tlog\link.write.1.tlog
